<?xml version="1.0" encoding="UTF-8"?>
<!-- Generated by org.testng.reporters.JUnitXMLReporter -->
<testsuite hostname="IN-MU-LT-J27201" name="Default test(failed)" tests="1" failures="1" timestamp="10 Apr 2019 08:48:09 GMT" time="35.499" errors="0">
  <testcase name="@AfterMethod tearDown" time="0.0" classname="learnAuto.ExtentReport2">
    <failure type="java.lang.NullPointerException">
      <![CDATA[java.lang.NullPointerException
	at learnAuto.ExtentReport2.tearDown(ExtentReport2.java:48)
... Removed 27 stack frames]]>
    </failure>
  </testcase> <!-- @AfterMethod tearDown -->
  <testcase name="verifyBlogTitle" time="34.993" classname="learnAuto.ExtentReport2">
    <failure type="java.lang.NullPointerException">
      <![CDATA[java.lang.NullPointerException
	at learnAuto.ExtentReport2.verifyBlogTitle(ExtentReport2.java:34)
... Removed 25 stack frames]]>
    </failure>
  </testcase> <!-- verifyBlogTitle -->
</testsuite> <!-- Default test(failed) -->
