<?xml version="1.0" encoding="UTF-8"?>
<!-- Generated by org.testng.reporters.JUnitXMLReporter -->
<testsuite hostname="IN-MU-LT-J27201" name="Test1" tests="2" failures="1" timestamp="14 Mar 2019 08:54:42 GMT" time="11.717" errors="0">
  <testcase name="learnAction" time="0.019" classname="restAPI.LearnAutomation">
    <failure type="java.lang.IllegalStateException" message="The driver executable does not exist: C:\SeleniumPractice\restLearn\.\server\IEDriverServer.exe">
      <![CDATA[java.lang.IllegalStateException: The driver executable does not exist: C:\SeleniumPractice\restLearn\.\server\IEDriverServer.exe
	at com.google.common.base.Preconditions.checkState(Preconditions.java:585)
	at org.openqa.selenium.remote.service.DriverService.checkExecutable(DriverService.java:136)
	at org.openqa.selenium.remote.service.DriverService.findExecutable(DriverService.java:131)
	at org.openqa.selenium.ie.InternetExplorerDriverService.access$000(InternetExplorerDriverService.java:33)
	at org.openqa.selenium.ie.InternetExplorerDriverService$Builder.findDefaultExecutable(InternetExplorerDriverService.java:169)
	at org.openqa.selenium.remote.service.DriverService$Builder.build(DriverService.java:335)
	at org.openqa.selenium.ie.InternetExplorerDriver.setupService(InternetExplorerDriver.java:291)
	at org.openqa.selenium.ie.InternetExplorerDriver.<init>(InternetExplorerDriver.java:213)
	at org.openqa.selenium.ie.InternetExplorerDriver.<init>(InternetExplorerDriver.java:152)
	at restAPI.LearnAutomation.learnAction(LearnAutomation.java:97)
... Removed 25 stack frames]]>
    </failure>
  </testcase> <!-- learnAction -->
  <testcase name="learnPageLoadTimeOut" time="7.896" classname="restAPI.LearnAutomation"/>
</testsuite> <!-- Test1 -->
